<?xml version="1.0" encoding="UTF-8"?>
<testsuite name="ExtraCreditAssigment.LibraryTest" tests="1" skipped="0" failures="0" errors="0" timestamp="2022-03-02T22:31:50" hostname="Mohammads-MacBook-Pro.local" time="0.003">
  <properties/>
  <testcase name="testSomeLibraryMethod" classname="ExtraCreditAssigment.LibraryTest" time="0.003"/>
  <system-out><![CDATA[]]></system-out>
  <system-err><![CDATA[]]></system-err>
</testsuite>
